<?xml version="1.0" encoding="UTF-8"?>
<Site BuildName="(empty)"
	BuildStamp="20210311-0122-Experimental"
	Name="irg-ThinkPad-W540"
	Generator="ctest-3.10.2"
	CompilerName="/usr/bin/c++"
	CompilerVersion="7.5.0"
	OSName="Linux"
	Hostname="irg-ThinkPad-W540"
	OSRelease="4.15.0-135-generic"
	OSVersion="#139-Ubuntu SMP Mon Jan 18 17:38:24 UTC 2021"
	OSPlatform="x86_64"
	Is64Bits="1"
	VendorString="GenuineIntel"
	VendorID="Intel Corporation"
	FamilyID="6"
	ModelID="60"
	ProcessorCacheSize="6144"
	NumberOfLogicalCPU="8"
	NumberOfPhysicalCPU="4"
	TotalVirtualMemory="975"
	TotalPhysicalMemory="15919"
	LogicalProcessorsPerPhysical="2"
	ProcessorClockFrequency="2594.31"
	>
	<Testing>
		<StartDateTime>Mar 10 20:22 EST</StartDateTime>
		<StartTestTime>1615425776</StartTestTime>
		<TestList>
			<Test>./lint_cmake</Test>
			<Test>./xmllint</Test>
		</TestList>
		<Test Status="passed">
			<Name>lint_cmake</Name>
			<Path>.</Path>
			<FullName>./lint_cmake</FullName>
			<FullCommandLine>/usr/bin/python3 "-u" "/home/irg/ros2_eloquent/install/ament_cmake_test/share/ament_cmake_test/cmake/run_test.py" "/home/irg/irg/LanguagePolicies/ros2/build/policy_translation/test_results/policy_translation/lint_cmake.xunit.xml" "--package-name" "policy_translation" "--output-file" "/home/irg/irg/LanguagePolicies/ros2/build/policy_translation/ament_lint_cmake/lint_cmake.txt" "--command" "/opt/ros/eloquent/bin/ament_lint_cmake" "--xunit-file" "/home/irg/irg/LanguagePolicies/ros2/build/policy_translation/test_results/policy_translation/lint_cmake.xunit.xml"</FullCommandLine>
			<Results>
				<NamedMeasurement type="numeric/double" name="Execution Time">
					<Value>0.668795</Value>
				</NamedMeasurement>
				<NamedMeasurement type="numeric/double" name="Processors">
					<Value>1</Value>
				</NamedMeasurement>
				<NamedMeasurement type="text/string" name="Completion Status">
					<Value>Completed</Value>
				</NamedMeasurement>
				<NamedMeasurement type="text/string" name="Command Line">
					<Value>/usr/bin/python3 "-u" "/home/irg/ros2_eloquent/install/ament_cmake_test/share/ament_cmake_test/cmake/run_test.py" "/home/irg/irg/LanguagePolicies/ros2/build/policy_translation/test_results/policy_translation/lint_cmake.xunit.xml" "--package-name" "policy_translation" "--output-file" "/home/irg/irg/LanguagePolicies/ros2/build/policy_translation/ament_lint_cmake/lint_cmake.txt" "--command" "/opt/ros/eloquent/bin/ament_lint_cmake" "--xunit-file" "/home/irg/irg/LanguagePolicies/ros2/build/policy_translation/test_results/policy_translation/lint_cmake.xunit.xml"</Value>
				</NamedMeasurement>
				<Measurement>
					<Value>-- run_test.py: invoking following command in '/home/irg/irg/LanguagePolicies/ros2/src/policy_translation':
 - /opt/ros/eloquent/bin/ament_lint_cmake --xunit-file /home/irg/irg/LanguagePolicies/ros2/build/policy_translation/test_results/policy_translation/lint_cmake.xunit.xml

No problems found
-- run_test.py: return code 0
-- run_test.py: verify result file '/home/irg/irg/LanguagePolicies/ros2/build/policy_translation/test_results/policy_translation/lint_cmake.xunit.xml'
</Value>
				</Measurement>
			</Results>
			<Labels>
				<Label>lint_cmake</Label>
				<Label>linter</Label>
			</Labels>
		</Test>
		<Test Status="passed">
			<Name>xmllint</Name>
			<Path>.</Path>
			<FullName>./xmllint</FullName>
			<FullCommandLine>/usr/bin/python3 "-u" "/home/irg/ros2_eloquent/install/ament_cmake_test/share/ament_cmake_test/cmake/run_test.py" "/home/irg/irg/LanguagePolicies/ros2/build/policy_translation/test_results/policy_translation/xmllint.xunit.xml" "--package-name" "policy_translation" "--output-file" "/home/irg/irg/LanguagePolicies/ros2/build/policy_translation/ament_xmllint/xmllint.txt" "--command" "/opt/ros/eloquent/bin/ament_xmllint" "--xunit-file" "/home/irg/irg/LanguagePolicies/ros2/build/policy_translation/test_results/policy_translation/xmllint.xunit.xml"</FullCommandLine>
			<Results>
				<NamedMeasurement type="numeric/double" name="Execution Time">
					<Value>0.7524</Value>
				</NamedMeasurement>
				<NamedMeasurement type="numeric/double" name="Processors">
					<Value>1</Value>
				</NamedMeasurement>
				<NamedMeasurement type="text/string" name="Completion Status">
					<Value>Completed</Value>
				</NamedMeasurement>
				<NamedMeasurement type="text/string" name="Command Line">
					<Value>/usr/bin/python3 "-u" "/home/irg/ros2_eloquent/install/ament_cmake_test/share/ament_cmake_test/cmake/run_test.py" "/home/irg/irg/LanguagePolicies/ros2/build/policy_translation/test_results/policy_translation/xmllint.xunit.xml" "--package-name" "policy_translation" "--output-file" "/home/irg/irg/LanguagePolicies/ros2/build/policy_translation/ament_xmllint/xmllint.txt" "--command" "/opt/ros/eloquent/bin/ament_xmllint" "--xunit-file" "/home/irg/irg/LanguagePolicies/ros2/build/policy_translation/test_results/policy_translation/xmllint.xunit.xml"</Value>
				</NamedMeasurement>
				<Measurement>
					<Value>-- run_test.py: invoking following command in '/home/irg/irg/LanguagePolicies/ros2/src/policy_translation':
 - /opt/ros/eloquent/bin/ament_xmllint --xunit-file /home/irg/irg/LanguagePolicies/ros2/build/policy_translation/test_results/policy_translation/xmllint.xunit.xml
File 'package.xml' is valid

No problems found
-- run_test.py: return code 0
-- run_test.py: verify result file '/home/irg/irg/LanguagePolicies/ros2/build/policy_translation/test_results/policy_translation/xmllint.xunit.xml'
</Value>
				</Measurement>
			</Results>
			<Labels>
				<Label>linter</Label>
				<Label>xmllint</Label>
			</Labels>
		</Test>
		<EndDateTime>Mar 10 20:22 EST</EndDateTime>
		<EndTestTime>1615425778</EndTestTime>
		<ElapsedMinutes>0</ElapsedMinutes>
	</Testing>
</Site>
