Start testing: Mar 30 00:21 EDT
----------------------------------------------------------
1/2 Testing: lint_cmake
1/2 Test: lint_cmake
Command: "/usr/bin/python3" "-u" "/home/irg/ros2_eloquent/install/ament_cmake_test/share/ament_cmake_test/cmake/run_test.py" "/home/irg/irg/LanguagePolicies/ros2/build/policy_translation/test_results/policy_translation/lint_cmake.xunit.xml" "--package-name" "policy_translation" "--output-file" "/home/irg/irg/LanguagePolicies/ros2/build/policy_translation/ament_lint_cmake/lint_cmake.txt" "--command" "/opt/ros/eloquent/bin/ament_lint_cmake" "--xunit-file" "/home/irg/irg/LanguagePolicies/ros2/build/policy_translation/test_results/policy_translation/lint_cmake.xunit.xml"
Directory: /home/irg/irg/LanguagePolicies/ros2/src/policy_translation
"lint_cmake" start time: Mar 30 00:21 EDT
Output:
----------------------------------------------------------
-- run_test.py: invoking following command in '/home/irg/irg/LanguagePolicies/ros2/src/policy_translation':
 - /opt/ros/eloquent/bin/ament_lint_cmake --xunit-file /home/irg/irg/LanguagePolicies/ros2/build/policy_translation/test_results/policy_translation/lint_cmake.xunit.xml

No problems found
-- run_test.py: return code 0
-- run_test.py: verify result file '/home/irg/irg/LanguagePolicies/ros2/build/policy_translation/test_results/policy_translation/lint_cmake.xunit.xml'
<end of output>
Test time =   0.92 sec
----------------------------------------------------------
Test Passed.
"lint_cmake" end time: Mar 30 00:21 EDT
"lint_cmake" time elapsed: 00:00:00
----------------------------------------------------------

2/2 Testing: xmllint
2/2 Test: xmllint
Command: "/usr/bin/python3" "-u" "/home/irg/ros2_eloquent/install/ament_cmake_test/share/ament_cmake_test/cmake/run_test.py" "/home/irg/irg/LanguagePolicies/ros2/build/policy_translation/test_results/policy_translation/xmllint.xunit.xml" "--package-name" "policy_translation" "--output-file" "/home/irg/irg/LanguagePolicies/ros2/build/policy_translation/ament_xmllint/xmllint.txt" "--command" "/opt/ros/eloquent/bin/ament_xmllint" "--xunit-file" "/home/irg/irg/LanguagePolicies/ros2/build/policy_translation/test_results/policy_translation/xmllint.xunit.xml"
Directory: /home/irg/irg/LanguagePolicies/ros2/src/policy_translation
"xmllint" start time: Mar 30 00:21 EDT
Output:
----------------------------------------------------------
-- run_test.py: invoking following command in '/home/irg/irg/LanguagePolicies/ros2/src/policy_translation':
 - /opt/ros/eloquent/bin/ament_xmllint --xunit-file /home/irg/irg/LanguagePolicies/ros2/build/policy_translation/test_results/policy_translation/xmllint.xunit.xml
File 'package.xml' is valid

No problems found
-- run_test.py: return code 0
-- run_test.py: verify result file '/home/irg/irg/LanguagePolicies/ros2/build/policy_translation/test_results/policy_translation/xmllint.xunit.xml'
<end of output>
Test time =   1.12 sec
----------------------------------------------------------
Test Passed.
"xmllint" end time: Mar 30 00:21 EDT
"xmllint" time elapsed: 00:00:01
----------------------------------------------------------

End testing: Mar 30 00:21 EDT

lint_cmake =   0.92 sec*proc

linter =   2.04 sec*proc

xmllint =   1.12 sec*proc

